# JRE version: OpenJDK Runtime Environment (17.0.6) (build 17.0.6+0-b2043.56-10027231)
# Java VM: OpenJDK 64-Bit Server VM (17.0.6+0-b2043.56-10027231, mixed mode, tiered, compressed oops, compressed class ptrs, g1 gc, windows-amd64)
GC Precious Log:
 CPUs: 8 total, 8 available
 Memory: 7865M
 Large Page Support: Disabled
 NUMA Support: Disabled
 Compressed Oops: Enabled (32-bit)
 Heap Region Size: 1M
 Heap Min Capacity: 8M
 Heap Initial Capacity: 124M
 Heap Max Capacity: 2G
 Pre-touch: Disabled
 Parallel Workers: 8
 Concurrent Workers: 2
 Concurrent Refinement Workers: 8
 Periodic GC: Disabled
Heap:
 garbage-first heap   total 261120K, used 164279K [0x0000000080000000, 0x0000000100000000)
  region size 1024K, 92 young (94208K), 16 survivors (16384K)
 Metaspace       used 99909K, committed 100608K, reserved 1138688K
  class space    used 13453K, committed 13760K, reserved 1048576K
GC Heap History (20 events):
Event: 6.472 GC heap before
{Heap before GC invocations=22 (full 0):
 garbage-first heap   total 124928K, used 62342K [0x0000000080000000, 0x0000000100000000)
  region size 1024K, 6 young (6144K), 2 survivors (2048K)
 Metaspace       used 62083K, committed 62592K, reserved 1105920K
  class space    used 8229K, committed 8448K, reserved 1048576K
}
Event: 6.475 GC heap after
{Heap after GC invocations=23 (full 0):
 garbage-first heap   total 124928K, used 57951K [0x0000000080000000, 0x0000000100000000)
  region size 1024K, 1 young (1024K), 1 survivors (1024K)
 Metaspace       used 62083K, committed 62592K, reserved 1105920K
  class space    used 8229K, committed 8448K, reserved 1048576K
}
Event: 6.695 GC heap before
{Heap before GC invocations=23 (full 0):
 garbage-first heap   total 124928K, used 71263K [0x0000000080000000, 0x0000000100000000)
  region size 1024K, 15 young (15360K), 1 survivors (1024K)
 Metaspace       used 65411K, committed 66048K, reserved 1105920K
  class space    used 8643K, committed 8960K, reserved 1048576K
}
Event: 6.698 GC heap after
{Heap after GC invocations=24 (full 0):
 garbage-first heap   total 124928K, used 59682K [0x0000000080000000, 0x0000000100000000)
  region size 1024K, 3 young (3072K), 3 survivors (3072K)
 Metaspace       used 65411K, committed 66048K, reserved 1105920K
  class space    used 8643K, committed 8960K, reserved 1048576K
}
Event: 7.010 GC heap before
{Heap before GC invocations=25 (full 0):
 garbage-first heap   total 130048K, used 97570K [0x0000000080000000, 0x0000000100000000)
  region size 1024K, 34 young (34816K), 3 survivors (3072K)
 Metaspace       used 67446K, committed 68032K, reserved 1114112K
  class space    used 8915K, committed 9216K, reserved 1048576K
}
Event: 7.014 GC heap after
{Heap after GC invocations=26 (full 0):
 garbage-first heap   total 130048K, used 62612K [0x0000000080000000, 0x0000000100000000)
  region size 1024K, 5 young (5120K), 5 survivors (5120K)
 Metaspace       used 67446K, committed 68032K, reserved 1114112K
  class space    used 8915K, committed 9216K, reserved 1048576K
}
Event: 7.027 GC heap before
{Heap before GC invocations=26 (full 0):
 garbage-first heap   total 130048K, used 63636K [0x0000000080000000, 0x0000000100000000)
  region size 1024K, 6 young (6144K), 5 survivors (5120K)
 Metaspace       used 67521K, committed 68096K, reserved 1114112K
  class space    used 8923K, committed 9216K, reserved 1048576K
}
Event: 7.031 GC heap after
{Heap after GC invocations=27 (full 0):
 garbage-first heap   total 130048K, used 62772K [0x0000000080000000, 0x0000000100000000)
  region size 1024K, 1 young (1024K), 1 survivors (1024K)
 Metaspace       used 67521K, committed 68096K, reserved 1114112K
  class space    used 8923K, committed 9216K, reserved 1048576K
}
Event: 7.658 GC heap before
{Heap before GC invocations=27 (full 0):
 garbage-first heap   total 130048K, used 96564K [0x0000000080000000, 0x0000000100000000)
  region size 1024K, 34 young (34816K), 1 survivors (1024K)
 Metaspace       used 70804K, committed 71360K, reserved 1114112K
  class space    used 9353K, committed 9600K, reserved 1048576K
}
Event: 7.663 GC heap after
{Heap after GC invocations=28 (full 0):
 garbage-first heap   total 130048K, used 64811K [0x0000000080000000, 0x0000000100000000)
  region size 1024K, 3 young (3072K), 3 survivors (3072K)
 Metaspace       used 70804K, committed 71360K, reserved 1114112K
  class space    used 9353K, committed 9600K, reserved 1048576K
}
Event: 8.440 GC heap before
{Heap before GC invocations=29 (full 0):
 garbage-first heap   total 130048K, used 98603K [0x0000000080000000, 0x0000000100000000)
  region size 1024K, 36 young (36864K), 3 survivors (3072K)
 Metaspace       used 75017K, committed 75584K, reserved 1114112K
  class space    used 9919K, committed 10176K, reserved 1048576K
}
Event: 8.445 GC heap after
{Heap after GC invocations=30 (full 0):
 garbage-first heap   total 130048K, used 66694K [0x0000000080000000, 0x0000000100000000)
  region size 1024K, 5 young (5120K), 5 survivors (5120K)
 Metaspace       used 75017K, committed 75584K, reserved 1114112K
  class space    used 9919K, committed 10176K, reserved 1048576K
}
Event: 8.457 GC heap before
{Heap before GC invocations=30 (full 0):
 garbage-first heap   total 130048K, used 67718K [0x0000000080000000, 0x0000000100000000)
  region size 1024K, 6 young (6144K), 5 survivors (5120K)
 Metaspace       used 75058K, committed 75648K, reserved 1114112K
  class space    used 9919K, committed 10176K, reserved 1048576K
}
Event: 8.461 GC heap after
{Heap after GC invocations=31 (full 0):
 garbage-first heap   total 130048K, used 66908K [0x0000000080000000, 0x0000000100000000)
  region size 1024K, 1 young (1024K), 1 survivors (1024K)
 Metaspace       used 75058K, committed 75648K, reserved 1114112K
  class space    used 9919K, committed 10176K, reserved 1048576K
}
Event: 8.780 GC heap before
{Heap before GC invocations=31 (full 0):
 garbage-first heap   total 130048K, used 101724K [0x0000000080000000, 0x0000000100000000)
  region size 1024K, 35 young (35840K), 1 survivors (1024K)
 Metaspace       used 76887K, committed 77440K, reserved 1122304K
  class space    used 10150K, committed 10432K, reserved 1048576K
}
Event: 8.785 GC heap after
{Heap after GC invocations=32 (full 0):
 garbage-first heap   total 261120K, used 71105K [0x0000000080000000, 0x0000000100000000)
  region size 1024K, 5 young (5120K), 5 survivors (5120K)
 Metaspace       used 76887K, committed 77440K, reserved 1122304K
  class space    used 10150K, committed 10432K, reserved 1048576K
}
Event: 10.847 GC heap before
{Heap before GC invocations=32 (full 0):
 garbage-first heap   total 261120K, used 174529K [0x0000000080000000, 0x0000000100000000)
  region size 1024K, 106 young (108544K), 5 survivors (5120K)
 Metaspace       used 87376K, committed 87936K, reserved 1130496K
  class space    used 11811K, committed 12096K, reserved 1048576K
}
Event: 10.862 GC heap after
{Heap after GC invocations=33 (full 0):
 garbage-first heap   total 261120K, used 76886K [0x0000000080000000, 0x0000000100000000)
  region size 1024K, 11 young (11264K), 11 survivors (11264K)
 Metaspace       used 87376K, committed 87936K, reserved 1130496K
  class space    used 11811K, committed 12096K, reserved 1048576K
}
Event: 12.868 GC heap before
{Heap before GC invocations=33 (full 0):
 garbage-first heap   total 261120K, used 190550K [0x0000000080000000, 0x0000000100000000)
  region size 1024K, 122 young (124928K), 11 survivors (11264K)
 Metaspace       used 96463K, committed 97152K, reserved 1138688K
  class space    used 13094K, committed 13440K, reserved 1048576K
}
Event: 12.889 GC heap after
{Heap after GC invocations=34 (full 0):
 garbage-first heap   total 261120K, used 87479K [0x0000000080000000, 0x0000000100000000)
  region size 1024K, 16 young (16384K), 16 survivors (16384K)
 Metaspace       used 96463K, committed 97152K, reserved 1138688K
  class space    used 13094K, committed 13440K, reserved 1048576K
}

