# JRE version: OpenJDK Runtime Environment (17.0.6) (build 17.0.6+0-b2043.56-10027231)
# Java VM: OpenJDK 64-Bit Server VM (17.0.6+0-b2043.56-10027231, mixed mode, tiered, compressed oops, compressed class ptrs, g1 gc, windows-amd64)
GC Precious Log:
 CPUs: 8 total, 8 available
 Memory: 7865M
 Large Page Support: Disabled
 NUMA Support: Disabled
 Compressed Oops: Enabled (32-bit)
 Heap Region Size: 1M
 Heap Min Capacity: 8M
 Heap Initial Capacity: 124M
 Heap Max Capacity: 2G
 Pre-touch: Disabled
 Parallel Workers: 8
 Concurrent Workers: 2
 Concurrent Refinement Workers: 8
 Periodic GC: Disabled
Heap:
 garbage-first heap   total 349184K, used 239280K [0x0000000080000000, 0x0000000100000000)
  region size 1024K, 4 young (4096K), 4 survivors (4096K)
 Metaspace       used 133755K, committed 134656K, reserved 1171456K
  class space    used 18245K, committed 18688K, reserved 1048576K
GC Heap History (20 events):
Event: 91.592 GC heap after
{Heap after GC invocations=50 (full 0):
 garbage-first heap   total 268288K, used 199435K [0x0000000080000000, 0x0000000100000000)
  region size 1024K, 2 young (2048K), 2 survivors (2048K)
 Metaspace       used 115250K, committed 116160K, reserved 1155072K
  class space    used 15243K, committed 15680K, reserved 1048576K
}
Event: 91.889 GC heap before
{Heap before GC invocations=50 (full 0):
 garbage-first heap   total 268288K, used 229131K [0x0000000080000000, 0x0000000100000000)
  region size 1024K, 32 young (32768K), 2 survivors (2048K)
 Metaspace       used 120695K, committed 121664K, reserved 1155072K
  class space    used 16056K, committed 16512K, reserved 1048576K
}
Event: 91.893 GC heap after
{Heap after GC invocations=51 (full 0):
 garbage-first heap   total 268288K, used 200925K [0x0000000080000000, 0x0000000100000000)
  region size 1024K, 3 young (3072K), 3 survivors (3072K)
 Metaspace       used 120695K, committed 121664K, reserved 1155072K
  class space    used 16056K, committed 16512K, reserved 1048576K
}
Event: 92.271 GC heap before
{Heap before GC invocations=51 (full 0):
 garbage-first heap   total 268288K, used 231645K [0x0000000080000000, 0x0000000100000000)
  region size 1024K, 33 young (33792K), 3 survivors (3072K)
 Metaspace       used 126362K, committed 127296K, reserved 1163264K
  class space    used 17088K, committed 17536K, reserved 1048576K
}
Event: 92.276 GC heap after
{Heap after GC invocations=52 (full 0):
 garbage-first heap   total 268288K, used 202272K [0x0000000080000000, 0x0000000100000000)
  region size 1024K, 3 young (3072K), 3 survivors (3072K)
 Metaspace       used 126362K, committed 127296K, reserved 1163264K
  class space    used 17088K, committed 17536K, reserved 1048576K
}
Event: 92.537 GC heap before
{Heap before GC invocations=52 (full 0):
 garbage-first heap   total 268288K, used 231968K [0x0000000080000000, 0x0000000100000000)
  region size 1024K, 33 young (33792K), 3 survivors (3072K)
 Metaspace       used 129560K, committed 130560K, reserved 1163264K
  class space    used 17659K, committed 18112K, reserved 1048576K
}
Event: 92.540 GC heap after
{Heap after GC invocations=53 (full 0):
 garbage-first heap   total 268288K, used 202079K [0x0000000080000000, 0x0000000100000000)
  region size 1024K, 2 young (2048K), 2 survivors (2048K)
 Metaspace       used 129560K, committed 130560K, reserved 1163264K
  class space    used 17659K, committed 18112K, reserved 1048576K
}
Event: 92.657 GC heap before
{Heap before GC invocations=53 (full 0):
 garbage-first heap   total 268288K, used 231775K [0x0000000080000000, 0x0000000100000000)
  region size 1024K, 32 young (32768K), 2 survivors (2048K)
 Metaspace       used 129682K, committed 130624K, reserved 1163264K
  class space    used 17669K, committed 18112K, reserved 1048576K
}
Event: 92.662 GC heap after
{Heap after GC invocations=54 (full 0):
 garbage-first heap   total 268288K, used 205249K [0x0000000080000000, 0x0000000100000000)
  region size 1024K, 4 young (4096K), 4 survivors (4096K)
 Metaspace       used 129682K, committed 130624K, reserved 1163264K
  class space    used 17669K, committed 18112K, reserved 1048576K
}
Event: 92.830 GC heap before
{Heap before GC invocations=54 (full 0):
 garbage-first heap   total 268288K, used 231873K [0x0000000080000000, 0x0000000100000000)
  region size 1024K, 31 young (31744K), 4 survivors (4096K)
 Metaspace       used 130975K, committed 131968K, reserved 1163264K
  class space    used 17945K, committed 18432K, reserved 1048576K
}
Event: 92.838 GC heap after
{Heap after GC invocations=55 (full 0):
 garbage-first heap   total 349184K, used 211172K [0x0000000080000000, 0x0000000100000000)
  region size 1024K, 4 young (4096K), 4 survivors (4096K)
 Metaspace       used 130975K, committed 131968K, reserved 1163264K
  class space    used 17945K, committed 18432K, reserved 1048576K
}
Event: 94.135 GC heap before
{Heap before GC invocations=55 (full 0):
 garbage-first heap   total 349184K, used 300260K [0x0000000080000000, 0x0000000100000000)
  region size 1024K, 63 young (64512K), 4 survivors (4096K)
 Metaspace       used 133755K, committed 134656K, reserved 1171456K
  class space    used 18245K, committed 18688K, reserved 1048576K
}
Event: 94.151 GC heap after
{Heap after GC invocations=56 (full 0):
 garbage-first heap   total 349184K, used 233111K [0x0000000080000000, 0x0000000100000000)
  region size 1024K, 6 young (6144K), 6 survivors (6144K)
 Metaspace       used 133755K, committed 134656K, reserved 1171456K
  class space    used 18245K, committed 18688K, reserved 1048576K
}
Event: 94.176 GC heap before
{Heap before GC invocations=56 (full 0):
 garbage-first heap   total 349184K, used 259735K [0x0000000080000000, 0x0000000100000000)
  region size 1024K, 7 young (7168K), 6 survivors (6144K)
 Metaspace       used 133755K, committed 134656K, reserved 1171456K
  class space    used 18245K, committed 18688K, reserved 1048576K
}
Event: 94.186 GC heap after
{Heap after GC invocations=57 (full 0):
 garbage-first heap   total 349184K, used 237360K [0x0000000080000000, 0x0000000100000000)
  region size 1024K, 4 young (4096K), 4 survivors (4096K)
 Metaspace       used 133755K, committed 134656K, reserved 1171456K
  class space    used 18245K, committed 18688K, reserved 1048576K
}
Event: 94.196 GC heap before
{Heap before GC invocations=57 (full 0):
 garbage-first heap   total 349184K, used 249648K [0x0000000080000000, 0x0000000100000000)
  region size 1024K, 5 young (5120K), 4 survivors (4096K)
 Metaspace       used 133755K, committed 134656K, reserved 1171456K
  class space    used 18245K, committed 18688K, reserved 1048576K
}
Event: 94.202 GC heap after
{Heap after GC invocations=58 (full 0):
 garbage-first heap   total 349184K, used 239157K [0x0000000080000000, 0x0000000100000000)
  region size 1024K, 4 young (4096K), 4 survivors (4096K)
 Metaspace       used 133755K, committed 134656K, reserved 1171456K
  class space    used 18245K, committed 18688K, reserved 1048576K
}
Event: 94.207 GC heap before
{Heap before GC invocations=58 (full 0):
 garbage-first heap   total 349184K, used 241205K [0x0000000080000000, 0x0000000100000000)
  region size 1024K, 5 young (5120K), 4 survivors (4096K)
 Metaspace       used 133755K, committed 134656K, reserved 1171456K
  class space    used 18245K, committed 18688K, reserved 1048576K
}
Event: 94.214 GC heap after
{Heap after GC invocations=59 (full 0):
 garbage-first heap   total 349184K, used 235281K [0x0000000080000000, 0x0000000100000000)
  region size 1024K, 4 young (4096K), 4 survivors (4096K)
 Metaspace       used 133755K, committed 134656K, reserved 1171456K
  class space    used 18245K, committed 18688K, reserved 1048576K
}
Event: 94.217 GC heap before
{Heap before GC invocations=59 (full 0):
 garbage-first heap   total 349184K, used 241425K [0x0000000080000000, 0x0000000100000000)
  region size 1024K, 5 young (5120K), 4 survivors (4096K)
 Metaspace       used 133755K, committed 134656K, reserved 1171456K
  class space    used 18245K, committed 18688K, reserved 1048576K
}

