# JRE version: OpenJDK Runtime Environment (17.0.6) (build 17.0.6+0-b2043.56-10027231)
# Java VM: OpenJDK 64-Bit Server VM (17.0.6+0-b2043.56-10027231, mixed mode, tiered, compressed oops, compressed class ptrs, g1 gc, windows-amd64)
GC Precious Log:
 CPUs: 8 total, 8 available
 Memory: 7865M
 Large Page Support: Disabled
 NUMA Support: Disabled
 Compressed Oops: Enabled (32-bit)
 Heap Region Size: 1M
 Heap Min Capacity: 8M
 Heap Initial Capacity: 124M
 Heap Max Capacity: 1968M
 Pre-touch: Disabled
 Parallel Workers: 8
 Concurrent Workers: 2
 Concurrent Refinement Workers: 8
 Periodic GC: Disabled
Heap:
 garbage-first heap   total 212992K, used 111899K [0x0000000085000000, 0x0000000100000000)
  region size 1024K, 21 young (21504K), 10 survivors (10240K)
 Metaspace       used 74041K, committed 74368K, reserved 1122304K
  class space    used 8377K, committed 8512K, reserved 1048576K
GC Heap History (20 events):
Event: 3.013 GC heap before
{Heap before GC invocations=12 (full 0):
 garbage-first heap   total 97280K, used 60484K [0x0000000085000000, 0x0000000100000000)
  region size 1024K, 25 young (25600K), 2 survivors (2048K)
 Metaspace       used 49498K, committed 49728K, reserved 1097728K
  class space    used 5905K, committed 6016K, reserved 1048576K
}
Event: 3.024 GC heap after
{Heap after GC invocations=13 (full 0):
 garbage-first heap   total 97280K, used 44611K [0x0000000085000000, 0x0000000100000000)
  region size 1024K, 5 young (5120K), 5 survivors (5120K)
 Metaspace       used 49498K, committed 49728K, reserved 1097728K
  class space    used 5905K, committed 6016K, reserved 1048576K
}
Event: 3.330 GC heap before
{Heap before GC invocations=14 (full 0):
 garbage-first heap   total 97280K, used 68861K [0x0000000085000000, 0x0000000100000000)
  region size 1024K, 30 young (30720K), 5 survivors (5120K)
 Metaspace       used 51514K, committed 51840K, reserved 1097728K
  class space    used 6159K, committed 6272K, reserved 1048576K
}
Event: 3.339 GC heap after
{Heap after GC invocations=15 (full 0):
 garbage-first heap   total 97280K, used 48722K [0x0000000085000000, 0x0000000100000000)
  region size 1024K, 4 young (4096K), 4 survivors (4096K)
 Metaspace       used 51514K, committed 51840K, reserved 1097728K
  class space    used 6159K, committed 6272K, reserved 1048576K
}
Event: 3.354 GC heap before
{Heap before GC invocations=15 (full 0):
 garbage-first heap   total 97280K, used 49746K [0x0000000085000000, 0x0000000100000000)
  region size 1024K, 5 young (5120K), 4 survivors (4096K)
 Metaspace       used 51596K, committed 51904K, reserved 1097728K
  class space    used 6167K, committed 6272K, reserved 1048576K
}
Event: 3.360 GC heap after
{Heap after GC invocations=16 (full 0):
 garbage-first heap   total 97280K, used 48778K [0x0000000085000000, 0x0000000100000000)
  region size 1024K, 1 young (1024K), 1 survivors (1024K)
 Metaspace       used 51596K, committed 51904K, reserved 1097728K
  class space    used 6167K, committed 6272K, reserved 1048576K
}
Event: 3.408 GC heap before
{Heap before GC invocations=16 (full 0):
 garbage-first heap   total 97280K, used 54922K [0x0000000085000000, 0x0000000100000000)
  region size 1024K, 8 young (8192K), 1 survivors (1024K)
 Metaspace       used 51836K, committed 52096K, reserved 1097728K
  class space    used 6184K, committed 6272K, reserved 1048576K
}
Event: 3.411 GC heap after
{Heap after GC invocations=17 (full 0):
 garbage-first heap   total 97280K, used 49330K [0x0000000085000000, 0x0000000100000000)
  region size 1024K, 2 young (2048K), 2 survivors (2048K)
 Metaspace       used 51836K, committed 52096K, reserved 1097728K
  class space    used 6184K, committed 6272K, reserved 1048576K
}
Event: 3.555 GC heap before
{Heap before GC invocations=18 (full 0):
 garbage-first heap   total 106496K, used 73906K [0x0000000085000000, 0x0000000100000000)
  region size 1024K, 26 young (26624K), 2 survivors (2048K)
 Metaspace       used 52468K, committed 52736K, reserved 1097728K
  class space    used 6262K, committed 6400K, reserved 1048576K
}
Event: 3.558 GC heap after
{Heap after GC invocations=19 (full 0):
 garbage-first heap   total 106496K, used 50028K [0x0000000085000000, 0x0000000100000000)
  region size 1024K, 2 young (2048K), 2 survivors (2048K)
 Metaspace       used 52468K, committed 52736K, reserved 1097728K
  class space    used 6262K, committed 6400K, reserved 1048576K
}
Event: 3.615 GC heap before
{Heap before GC invocations=19 (full 0):
 garbage-first heap   total 106496K, used 53100K [0x0000000085000000, 0x0000000100000000)
  region size 1024K, 5 young (5120K), 2 survivors (2048K)
 Metaspace       used 52561K, committed 52800K, reserved 1097728K
  class space    used 6268K, committed 6400K, reserved 1048576K
}
Event: 3.621 GC heap after
{Heap after GC invocations=20 (full 0):
 garbage-first heap   total 212992K, used 49918K [0x0000000085000000, 0x0000000100000000)
  region size 1024K, 1 young (1024K), 1 survivors (1024K)
 Metaspace       used 52561K, committed 52800K, reserved 1097728K
  class space    used 6268K, committed 6400K, reserved 1048576K
}
Event: 4.474 GC heap before
{Heap before GC invocations=20 (full 0):
 garbage-first heap   total 212992K, used 146174K [0x0000000085000000, 0x0000000100000000)
  region size 1024K, 93 young (95232K), 1 survivors (1024K)
 Metaspace       used 56643K, committed 56960K, reserved 1105920K
  class space    used 6664K, committed 6848K, reserved 1048576K
}
Event: 4.492 GC heap after
{Heap after GC invocations=21 (full 0):
 garbage-first heap   total 212992K, used 67147K [0x0000000085000000, 0x0000000100000000)
  region size 1024K, 12 young (12288K), 12 survivors (12288K)
 Metaspace       used 56643K, committed 56960K, reserved 1105920K
  class space    used 6664K, committed 6848K, reserved 1048576K
}
Event: 5.700 GC heap before
{Heap before GC invocations=21 (full 0):
 garbage-first heap   total 212992K, used 144971K [0x0000000085000000, 0x0000000100000000)
  region size 1024K, 88 young (90112K), 12 survivors (12288K)
 Metaspace       used 62484K, committed 62784K, reserved 1105920K
  class space    used 7346K, committed 7488K, reserved 1048576K
}
Event: 5.722 GC heap after
{Heap after GC invocations=22 (full 0):
 garbage-first heap   total 212992K, used 78757K [0x0000000085000000, 0x0000000100000000)
  region size 1024K, 11 young (11264K), 11 survivors (11264K)
 Metaspace       used 62484K, committed 62784K, reserved 1105920K
  class space    used 7346K, committed 7488K, reserved 1048576K
}
Event: 7.156 GC heap before
{Heap before GC invocations=22 (full 0):
 garbage-first heap   total 212992K, used 152485K [0x0000000085000000, 0x0000000100000000)
  region size 1024K, 83 young (84992K), 11 survivors (11264K)
 Metaspace       used 66023K, committed 66368K, reserved 1114112K
  class space    used 7630K, committed 7808K, reserved 1048576K
}
Event: 7.176 GC heap after
{Heap after GC invocations=23 (full 0):
 garbage-first heap   total 212992K, used 91136K [0x0000000085000000, 0x0000000100000000)
  region size 1024K, 11 young (11264K), 11 survivors (11264K)
 Metaspace       used 66023K, committed 66368K, reserved 1114112K
  class space    used 7630K, committed 7808K, reserved 1048576K
}
Event: 8.749 GC heap before
{Heap before GC invocations=23 (full 0):
 garbage-first heap   total 212992K, used 158720K [0x0000000085000000, 0x0000000100000000)
  region size 1024K, 78 young (79872K), 11 survivors (11264K)
 Metaspace       used 72746K, committed 73152K, reserved 1122304K
  class space    used 8274K, committed 8448K, reserved 1048576K
}
Event: 8.763 GC heap after
{Heap after GC invocations=24 (full 0):
 garbage-first heap   total 212992K, used 101659K [0x0000000085000000, 0x0000000100000000)
  region size 1024K, 10 young (10240K), 10 survivors (10240K)
 Metaspace       used 72746K, committed 73152K, reserved 1122304K
  class space    used 8274K, committed 8448K, reserved 1048576K
}

