# JRE version: OpenJDK Runtime Environment (17.0.6) (build 17.0.6+0-b2043.56-10027231)
# Java VM: OpenJDK 64-Bit Server VM (17.0.6+0-b2043.56-10027231, mixed mode, tiered, compressed oops, compressed class ptrs, g1 gc, windows-amd64)
GC Precious Log:
 CPUs: 8 total, 8 available
 Memory: 7865M
 Large Page Support: Disabled
 NUMA Support: Disabled
 Compressed Oops: Enabled (32-bit)
 Heap Region Size: 1M
 Heap Min Capacity: 8M
 Heap Initial Capacity: 124M
 Heap Max Capacity: 1968M
 Pre-touch: Disabled
 Parallel Workers: 8
 Concurrent Workers: 2
 Concurrent Refinement Workers: 8
 Periodic GC: Disabled
Heap:
 garbage-first heap   total 270336K, used 200653K [0x0000000085000000, 0x0000000100000000)
  region size 1024K, 4 young (4096K), 4 survivors (4096K)
 Metaspace       used 83571K, committed 83904K, reserved 1130496K
  class space    used 9135K, committed 9280K, reserved 1048576K
GC Heap History (20 events):
Event: 23.044 GC heap after
{Heap after GC invocations=39 (full 0):
 garbage-first heap   total 199680K, used 137952K [0x0000000085000000, 0x0000000100000000)
  region size 1024K, 5 young (5120K), 5 survivors (5120K)
 Metaspace       used 73647K, committed 73984K, reserved 1122304K
  class space    used 8232K, committed 8384K, reserved 1048576K
}
Event: 23.687 GC heap before
{Heap before GC invocations=39 (full 0):
 garbage-first heap   total 199680K, used 179936K [0x0000000085000000, 0x0000000100000000)
  region size 1024K, 37 young (37888K), 5 survivors (5120K)
 Metaspace       used 73657K, committed 73984K, reserved 1122304K
  class space    used 8232K, committed 8384K, reserved 1048576K
}
Event: 23.701 GC heap after
{Heap after GC invocations=40 (full 0):
 garbage-first heap   total 199680K, used 150339K [0x0000000085000000, 0x0000000100000000)
  region size 1024K, 3 young (3072K), 3 survivors (3072K)
 Metaspace       used 73657K, committed 73984K, reserved 1122304K
  class space    used 8232K, committed 8384K, reserved 1048576K
}
Event: 24.112 GC heap before
{Heap before GC invocations=40 (full 0):
 garbage-first heap   total 199680K, used 172867K [0x0000000085000000, 0x0000000100000000)
  region size 1024K, 25 young (25600K), 3 survivors (3072K)
 Metaspace       used 73683K, committed 74048K, reserved 1122304K
  class space    used 8232K, committed 8384K, reserved 1048576K
}
Event: 24.119 GC heap after
{Heap after GC invocations=41 (full 0):
 garbage-first heap   total 199680K, used 152024K [0x0000000085000000, 0x0000000100000000)
  region size 1024K, 2 young (2048K), 2 survivors (2048K)
 Metaspace       used 73683K, committed 74048K, reserved 1122304K
  class space    used 8232K, committed 8384K, reserved 1048576K
}
Event: 24.710 GC heap before
{Heap before GC invocations=42 (full 0):
 garbage-first heap   total 270336K, used 171480K [0x0000000085000000, 0x0000000100000000)
  region size 1024K, 23 young (23552K), 2 survivors (2048K)
 Metaspace       used 73699K, committed 74048K, reserved 1122304K
  class space    used 8232K, committed 8384K, reserved 1048576K
}
Event: 24.716 GC heap after
{Heap after GC invocations=43 (full 0):
 garbage-first heap   total 270336K, used 151242K [0x0000000085000000, 0x0000000100000000)
  region size 1024K, 3 young (3072K), 3 survivors (3072K)
 Metaspace       used 73699K, committed 74048K, reserved 1122304K
  class space    used 8232K, committed 8384K, reserved 1048576K
}
Event: 24.996 GC heap before
{Heap before GC invocations=43 (full 0):
 garbage-first heap   total 270336K, used 161482K [0x0000000085000000, 0x0000000100000000)
  region size 1024K, 13 young (13312K), 3 survivors (3072K)
 Metaspace       used 73782K, committed 74112K, reserved 1122304K
  class space    used 8235K, committed 8384K, reserved 1048576K
}
Event: 25.002 GC heap after
{Heap after GC invocations=44 (full 0):
 garbage-first heap   total 270336K, used 150807K [0x0000000085000000, 0x0000000100000000)
  region size 1024K, 2 young (2048K), 2 survivors (2048K)
 Metaspace       used 73782K, committed 74112K, reserved 1122304K
  class space    used 8235K, committed 8384K, reserved 1048576K
}
Event: 26.328 GC heap before
{Heap before GC invocations=44 (full 0):
 garbage-first heap   total 270336K, used 225559K [0x0000000085000000, 0x0000000100000000)
  region size 1024K, 75 young (76800K), 2 survivors (2048K)
 Metaspace       used 74480K, committed 74752K, reserved 1122304K
  class space    used 8276K, committed 8384K, reserved 1048576K
}
Event: 26.337 GC heap after
{Heap after GC invocations=45 (full 0):
 garbage-first heap   total 270336K, used 155315K [0x0000000085000000, 0x0000000100000000)
  region size 1024K, 6 young (6144K), 6 survivors (6144K)
 Metaspace       used 74480K, committed 74752K, reserved 1122304K
  class space    used 8276K, committed 8384K, reserved 1048576K
}
Event: 27.060 GC heap before
{Heap before GC invocations=45 (full 0):
 garbage-first heap   total 270336K, used 225971K [0x0000000085000000, 0x0000000100000000)
  region size 1024K, 75 young (76800K), 6 survivors (6144K)
 Metaspace       used 75169K, committed 75456K, reserved 1122304K
  class space    used 8313K, committed 8448K, reserved 1048576K
}
Event: 27.070 GC heap after
{Heap after GC invocations=46 (full 0):
 garbage-first heap   total 270336K, used 155953K [0x0000000085000000, 0x0000000100000000)
  region size 1024K, 6 young (6144K), 6 survivors (6144K)
 Metaspace       used 75169K, committed 75456K, reserved 1122304K
  class space    used 8313K, committed 8448K, reserved 1048576K
}
Event: 29.662 GC heap before
{Heap before GC invocations=46 (full 0):
 garbage-first heap   total 270336K, used 227633K [0x0000000085000000, 0x0000000100000000)
  region size 1024K, 76 young (77824K), 6 survivors (6144K)
 Metaspace       used 81501K, committed 81856K, reserved 1122304K
  class space    used 8924K, committed 9088K, reserved 1048576K
}
Event: 29.681 GC heap after
{Heap after GC invocations=47 (full 0):
 garbage-first heap   total 270336K, used 163468K [0x0000000085000000, 0x0000000100000000)
  region size 1024K, 10 young (10240K), 10 survivors (10240K)
 Metaspace       used 81501K, committed 81856K, reserved 1122304K
  class space    used 8924K, committed 9088K, reserved 1048576K
}
Event: 31.544 GC heap before
{Heap before GC invocations=47 (full 0):
 garbage-first heap   total 270336K, used 227980K [0x0000000085000000, 0x0000000100000000)
  region size 1024K, 73 young (74752K), 10 survivors (10240K)
 Metaspace       used 83237K, committed 83584K, reserved 1130496K
  class space    used 9087K, committed 9216K, reserved 1048576K
}
Event: 31.573 GC heap after
{Heap after GC invocations=48 (full 0):
 garbage-first heap   total 270336K, used 180451K [0x0000000085000000, 0x0000000100000000)
  region size 1024K, 10 young (10240K), 10 survivors (10240K)
 Metaspace       used 83237K, committed 83584K, reserved 1130496K
  class space    used 9087K, committed 9216K, reserved 1048576K
}
Event: 32.100 GC heap before
{Heap before GC invocations=48 (full 0):
 garbage-first heap   total 270336K, used 221411K [0x0000000085000000, 0x0000000100000000)
  region size 1024K, 50 young (51200K), 10 survivors (10240K)
 Metaspace       used 83552K, committed 83904K, reserved 1130496K
  class space    used 9133K, committed 9280K, reserved 1048576K
}
Event: 32.121 GC heap after
{Heap after GC invocations=49 (full 0):
 garbage-first heap   total 270336K, used 195364K [0x0000000085000000, 0x0000000100000000)
  region size 1024K, 7 young (7168K), 7 survivors (7168K)
 Metaspace       used 83552K, committed 83904K, reserved 1130496K
  class space    used 9133K, committed 9280K, reserved 1048576K
}
Event: 32.213 GC heap before
{Heap before GC invocations=49 (full 0):
 garbage-first heap   total 270336K, used 221988K [0x0000000085000000, 0x0000000100000000)
  region size 1024K, 33 young (33792K), 7 survivors (7168K)
 Metaspace       used 83571K, committed 83904K, reserved 1130496K
  class space    used 9135K, committed 9280K, reserved 1048576K
}

