# JRE version: OpenJDK Runtime Environment (17.0.6) (build 17.0.6+0-b2043.56-10027231)
# Java VM: OpenJDK 64-Bit Server VM (17.0.6+0-b2043.56-10027231, mixed mode, tiered, compressed oops, compressed class ptrs, g1 gc, windows-amd64)
GC Precious Log:
 CPUs: 8 total, 8 available
 Memory: 7865M
 Large Page Support: Disabled
 NUMA Support: Disabled
 Compressed Oops: Enabled (32-bit)
 Heap Region Size: 1M
 Heap Min Capacity: 8M
 Heap Initial Capacity: 124M
 Heap Max Capacity: 1968M
 Pre-touch: Disabled
 Parallel Workers: 8
 Concurrent Workers: 2
 Concurrent Refinement Workers: 8
 Periodic GC: Disabled
Heap:
 garbage-first heap   total 196608K, used 102328K [0x0000000085000000, 0x0000000100000000)
  region size 1024K, 6 young (6144K), 5 survivors (5120K)
 Metaspace       used 71557K, committed 71808K, reserved 1114112K
  class space    used 8089K, committed 8192K, reserved 1048576K
GC Heap History (20 events):
Event: 6.721 GC heap before
{Heap before GC invocations=11 (full 0):
 garbage-first heap   total 81920K, used 61225K [0x0000000085000000, 0x0000000100000000)
  region size 1024K, 32 young (32768K), 1 survivors (1024K)
 Metaspace       used 47163K, committed 47424K, reserved 1097728K
  class space    used 5633K, committed 5760K, reserved 1048576K
}
Event: 6.740 GC heap after
{Heap after GC invocations=12 (full 0):
 garbage-first heap   total 81920K, used 35759K [0x0000000085000000, 0x0000000100000000)
  region size 1024K, 4 young (4096K), 4 survivors (4096K)
 Metaspace       used 47163K, committed 47424K, reserved 1097728K
  class space    used 5633K, committed 5760K, reserved 1048576K
}
Event: 7.415 GC heap before
{Heap before GC invocations=12 (full 0):
 garbage-first heap   total 81920K, used 62383K [0x0000000085000000, 0x0000000100000000)
  region size 1024K, 29 young (29696K), 4 survivors (4096K)
 Metaspace       used 51758K, committed 52032K, reserved 1097728K
  class space    used 6197K, committed 6336K, reserved 1048576K
}
Event: 7.429 GC heap after
{Heap after GC invocations=13 (full 0):
 garbage-first heap   total 163840K, used 42219K [0x0000000085000000, 0x0000000100000000)
  region size 1024K, 4 young (4096K), 4 survivors (4096K)
 Metaspace       used 51758K, committed 52032K, reserved 1097728K
  class space    used 6197K, committed 6336K, reserved 1048576K
}
Event: 8.755 GC heap before
{Heap before GC invocations=13 (full 0):
 garbage-first heap   total 163840K, used 112875K [0x0000000085000000, 0x0000000100000000)
  region size 1024K, 72 young (73728K), 4 survivors (4096K)
 Metaspace       used 58381K, committed 58688K, reserved 1105920K
  class space    used 6888K, committed 7040K, reserved 1048576K
}
Event: 8.778 GC heap after
{Heap after GC invocations=14 (full 0):
 garbage-first heap   total 163840K, used 50678K [0x0000000085000000, 0x0000000100000000)
  region size 1024K, 9 young (9216K), 9 survivors (9216K)
 Metaspace       used 58381K, committed 58688K, reserved 1105920K
  class space    used 6888K, committed 7040K, reserved 1048576K
}
Event: 10.028 GC heap before
{Heap before GC invocations=14 (full 0):
 garbage-first heap   total 163840K, used 99830K [0x0000000085000000, 0x0000000100000000)
  region size 1024K, 56 young (57344K), 9 survivors (9216K)
 Metaspace       used 60012K, committed 60288K, reserved 1105920K
  class space    used 6975K, committed 7104K, reserved 1048576K
}
Event: 10.048 GC heap after
{Heap after GC invocations=15 (full 0):
 garbage-first heap   total 163840K, used 62536K [0x0000000085000000, 0x0000000100000000)
  region size 1024K, 10 young (10240K), 10 survivors (10240K)
 Metaspace       used 60012K, committed 60288K, reserved 1105920K
  class space    used 6975K, committed 7104K, reserved 1048576K
}
Event: 11.216 GC heap before
{Heap before GC invocations=16 (full 0):
 garbage-first heap   total 163840K, used 119880K [0x0000000085000000, 0x0000000100000000)
  region size 1024K, 66 young (67584K), 10 survivors (10240K)
 Metaspace       used 62869K, committed 63232K, reserved 1105920K
  class space    used 7288K, committed 7424K, reserved 1048576K
}
Event: 11.238 GC heap after
{Heap after GC invocations=17 (full 0):
 garbage-first heap   total 163840K, used 72631K [0x0000000085000000, 0x0000000100000000)
  region size 1024K, 9 young (9216K), 9 survivors (9216K)
 Metaspace       used 62869K, committed 63232K, reserved 1105920K
  class space    used 7288K, committed 7424K, reserved 1048576K
}
Event: 12.280 GC heap before
{Heap before GC invocations=17 (full 0):
 garbage-first heap   total 163840K, used 122807K [0x0000000085000000, 0x0000000100000000)
  region size 1024K, 58 young (59392K), 9 survivors (9216K)
 Metaspace       used 66997K, committed 67264K, reserved 1114112K
  class space    used 7825K, committed 7936K, reserved 1048576K
}
Event: 12.301 GC heap after
{Heap after GC invocations=18 (full 0):
 garbage-first heap   total 163840K, used 79360K [0x0000000085000000, 0x0000000100000000)
  region size 1024K, 6 young (6144K), 6 survivors (6144K)
 Metaspace       used 66997K, committed 67264K, reserved 1114112K
  class space    used 7825K, committed 7936K, reserved 1048576K
}
Event: 13.753 GC heap before
{Heap before GC invocations=18 (full 0):
 garbage-first heap   total 163840K, used 126464K [0x0000000085000000, 0x0000000100000000)
  region size 1024K, 52 young (53248K), 6 survivors (6144K)
 Metaspace       used 68994K, committed 69312K, reserved 1114112K
  class space    used 7933K, committed 8064K, reserved 1048576K
}
Event: 13.778 GC heap after
{Heap after GC invocations=19 (full 0):
 garbage-first heap   total 196608K, used 84992K [0x0000000085000000, 0x0000000100000000)
  region size 1024K, 6 young (6144K), 6 survivors (6144K)
 Metaspace       used 68994K, committed 69312K, reserved 1114112K
  class space    used 7933K, committed 8064K, reserved 1048576K
}
Event: 16.245 GC heap before
{Heap before GC invocations=19 (full 0):
 garbage-first heap   total 196608K, used 149504K [0x0000000085000000, 0x0000000100000000)
  region size 1024K, 69 young (70656K), 6 survivors (6144K)
 Metaspace       used 70647K, committed 71040K, reserved 1114112K
  class space    used 8046K, committed 8192K, reserved 1048576K
}
Event: 16.265 GC heap after
{Heap after GC invocations=20 (full 0):
 garbage-first heap   total 196608K, used 92445K [0x0000000085000000, 0x0000000100000000)
  region size 1024K, 8 young (8192K), 8 survivors (8192K)
 Metaspace       used 70647K, committed 71040K, reserved 1114112K
  class space    used 8046K, committed 8192K, reserved 1048576K
}
Event: 20.457 GC heap before
{Heap before GC invocations=20 (full 0):
 garbage-first heap   total 196608K, used 151837K [0x0000000085000000, 0x0000000100000000)
  region size 1024K, 66 young (67584K), 8 survivors (8192K)
 Metaspace       used 71182K, committed 71424K, reserved 1114112K
  class space    used 8079K, committed 8192K, reserved 1048576K
}
Event: 20.482 GC heap after
{Heap after GC invocations=21 (full 0):
 garbage-first heap   total 196608K, used 98571K [0x0000000085000000, 0x0000000100000000)
  region size 1024K, 6 young (6144K), 6 survivors (6144K)
 Metaspace       used 71182K, committed 71424K, reserved 1114112K
  class space    used 8079K, committed 8192K, reserved 1048576K
}
Event: 24.449 GC heap before
{Heap before GC invocations=21 (full 0):
 garbage-first heap   total 196608K, used 154891K [0x0000000085000000, 0x0000000100000000)
  region size 1024K, 61 young (62464K), 6 survivors (6144K)
 Metaspace       used 71554K, committed 71808K, reserved 1114112K
  class space    used 8089K, committed 8192K, reserved 1048576K
}
Event: 24.473 GC heap after
{Heap after GC invocations=22 (full 0):
 garbage-first heap   total 196608K, used 102328K [0x0000000085000000, 0x0000000100000000)
  region size 1024K, 5 young (5120K), 5 survivors (5120K)
 Metaspace       used 71554K, committed 71808K, reserved 1114112K
  class space    used 8089K, committed 8192K, reserved 1048576K
}

