# JRE version: OpenJDK Runtime Environment (17.0.6) (build 17.0.6+0-b2043.56-10027231)
# Java VM: OpenJDK 64-Bit Server VM (17.0.6+0-b2043.56-10027231, mixed mode, tiered, compressed oops, compressed class ptrs, g1 gc, windows-amd64)
GC Precious Log:
 CPUs: 8 total, 8 available
 Memory: 7865M
 Large Page Support: Disabled
 NUMA Support: Disabled
 Compressed Oops: Enabled (32-bit)
 Heap Region Size: 1M
 Heap Min Capacity: 8M
 Heap Initial Capacity: 124M
 Heap Max Capacity: 1968M
 Pre-touch: Disabled
 Parallel Workers: 8
 Concurrent Workers: 2
 Concurrent Refinement Workers: 8
 Periodic GC: Disabled
Heap:
 garbage-first heap   total 126976K, used 59892K [0x0000000085000000, 0x0000000100000000)
  region size 1024K, 1 young (1024K), 1 survivors (1024K)
 Metaspace       used 59266K, committed 59584K, reserved 1105920K
  class space    used 6964K, committed 7104K, reserved 1048576K
GC Heap History (20 events):
Event: 2.716 GC heap after
{Heap after GC invocations=16 (full 0):
 garbage-first heap   total 65536K, used 34801K [0x0000000085000000, 0x0000000100000000)
  region size 1024K, 3 young (3072K), 3 survivors (3072K)
 Metaspace       used 46954K, committed 47232K, reserved 1097728K
  class space    used 5633K, committed 5760K, reserved 1048576K
}
Event: 3.046 GC heap before
{Heap before GC invocations=16 (full 0):
 garbage-first heap   total 65536K, used 49137K [0x0000000085000000, 0x0000000100000000)
  region size 1024K, 18 young (18432K), 3 survivors (3072K)
 Metaspace       used 48399K, committed 48704K, reserved 1097728K
  class space    used 5822K, committed 5952K, reserved 1048576K
}
Event: 3.055 GC heap after
{Heap after GC invocations=17 (full 0):
 garbage-first heap   total 65536K, used 39103K [0x0000000085000000, 0x0000000100000000)
  region size 1024K, 3 young (3072K), 3 survivors (3072K)
 Metaspace       used 48399K, committed 48704K, reserved 1097728K
  class space    used 5822K, committed 5952K, reserved 1048576K
}
Event: 3.187 GC heap before
{Heap before GC invocations=18 (full 0):
 garbage-first heap   total 70656K, used 45247K [0x0000000085000000, 0x0000000100000000)
  region size 1024K, 11 young (11264K), 3 survivors (3072K)
 Metaspace       used 49645K, committed 49984K, reserved 1097728K
  class space    used 5966K, committed 6144K, reserved 1048576K
}
Event: 3.192 GC heap after
{Heap after GC invocations=19 (full 0):
 garbage-first heap   total 70656K, used 40583K [0x0000000085000000, 0x0000000100000000)
  region size 1024K, 1 young (1024K), 1 survivors (1024K)
 Metaspace       used 49645K, committed 49984K, reserved 1097728K
  class space    used 5966K, committed 6144K, reserved 1048576K
}
Event: 3.431 GC heap before
{Heap before GC invocations=20 (full 0):
 garbage-first heap   total 75776K, used 57991K [0x0000000085000000, 0x0000000100000000)
  region size 1024K, 15 young (15360K), 1 survivors (1024K)
 Metaspace       used 51892K, committed 52224K, reserved 1097728K
  class space    used 6216K, committed 6400K, reserved 1048576K
}
Event: 3.436 GC heap after
{Heap after GC invocations=21 (full 0):
 garbage-first heap   total 75776K, used 45613K [0x0000000085000000, 0x0000000100000000)
  region size 1024K, 2 young (2048K), 2 survivors (2048K)
 Metaspace       used 51892K, committed 52224K, reserved 1097728K
  class space    used 6216K, committed 6400K, reserved 1048576K
}
Event: 3.441 GC heap before
{Heap before GC invocations=21 (full 0):
 garbage-first heap   total 75776K, used 46637K [0x0000000085000000, 0x0000000100000000)
  region size 1024K, 3 young (3072K), 2 survivors (2048K)
 Metaspace       used 51901K, committed 52224K, reserved 1097728K
  class space    used 6216K, committed 6400K, reserved 1048576K
}
Event: 3.448 GC heap after
{Heap after GC invocations=22 (full 0):
 garbage-first heap   total 95232K, used 45932K [0x0000000085000000, 0x0000000100000000)
  region size 1024K, 1 young (1024K), 1 survivors (1024K)
 Metaspace       used 51901K, committed 52224K, reserved 1097728K
  class space    used 6216K, committed 6400K, reserved 1048576K
}
Event: 3.612 GC heap before
{Heap before GC invocations=22 (full 0):
 garbage-first heap   total 95232K, used 68460K [0x0000000085000000, 0x0000000100000000)
  region size 1024K, 24 young (24576K), 1 survivors (1024K)
 Metaspace       used 52243K, committed 52544K, reserved 1097728K
  class space    used 6229K, committed 6400K, reserved 1048576K
}
Event: 3.616 GC heap after
{Heap after GC invocations=23 (full 0):
 garbage-first heap   total 95232K, used 47134K [0x0000000085000000, 0x0000000100000000)
  region size 1024K, 2 young (2048K), 2 survivors (2048K)
 Metaspace       used 52243K, committed 52544K, reserved 1097728K
  class space    used 6229K, committed 6400K, reserved 1048576K
}
Event: 4.039 GC heap before
{Heap before GC invocations=24 (full 0):
 garbage-first heap   total 95232K, used 70686K [0x0000000085000000, 0x0000000100000000)
  region size 1024K, 26 young (26624K), 2 survivors (2048K)
 Metaspace       used 55314K, committed 55616K, reserved 1105920K
  class space    used 6550K, committed 6720K, reserved 1048576K
}
Event: 4.048 GC heap after
{Heap after GC invocations=25 (full 0):
 garbage-first heap   total 95232K, used 51005K [0x0000000085000000, 0x0000000100000000)
  region size 1024K, 4 young (4096K), 4 survivors (4096K)
 Metaspace       used 55314K, committed 55616K, reserved 1105920K
  class space    used 6550K, committed 6720K, reserved 1048576K
}
Event: 4.069 GC heap before
{Heap before GC invocations=25 (full 0):
 garbage-first heap   total 95232K, used 52029K [0x0000000085000000, 0x0000000100000000)
  region size 1024K, 5 young (5120K), 4 survivors (4096K)
 Metaspace       used 55340K, committed 55680K, reserved 1105920K
  class space    used 6551K, committed 6720K, reserved 1048576K
}
Event: 4.075 GC heap after
{Heap after GC invocations=26 (full 0):
 garbage-first heap   total 95232K, used 51284K [0x0000000085000000, 0x0000000100000000)
  region size 1024K, 1 young (1024K), 1 survivors (1024K)
 Metaspace       used 55340K, committed 55680K, reserved 1105920K
  class space    used 6551K, committed 6720K, reserved 1048576K
}
Event: 4.479 GC heap before
{Heap before GC invocations=26 (full 0):
 garbage-first heap   total 95232K, used 71764K [0x0000000085000000, 0x0000000100000000)
  region size 1024K, 22 young (22528K), 1 survivors (1024K)
 Metaspace       used 58832K, committed 59136K, reserved 1105920K
  class space    used 6952K, committed 7104K, reserved 1048576K
}
Event: 4.489 GC heap after
{Heap after GC invocations=27 (full 0):
 garbage-first heap   total 95232K, used 54188K [0x0000000085000000, 0x0000000100000000)
  region size 1024K, 3 young (3072K), 3 survivors (3072K)
 Metaspace       used 58832K, committed 59136K, reserved 1105920K
  class space    used 6952K, committed 7104K, reserved 1048576K
}
Event: 5.031 GC heap before
{Heap before GC invocations=28 (full 0):
 garbage-first heap   total 95232K, used 75692K [0x0000000085000000, 0x0000000100000000)
  region size 1024K, 23 young (23552K), 3 survivors (3072K)
 Metaspace       used 59249K, committed 59584K, reserved 1105920K
  class space    used 6964K, committed 7104K, reserved 1048576K
}
Event: 5.041 GC heap after
{Heap after GC invocations=29 (full 0):
 garbage-first heap   total 95232K, used 59716K [0x0000000085000000, 0x0000000100000000)
  region size 1024K, 3 young (3072K), 3 survivors (3072K)
 Metaspace       used 59249K, committed 59584K, reserved 1105920K
  class space    used 6964K, committed 7104K, reserved 1048576K
}
Event: 5.061 GC heap before
{Heap before GC invocations=29 (full 0):
 garbage-first heap   total 95232K, used 60740K [0x0000000085000000, 0x0000000100000000)
  region size 1024K, 4 young (4096K), 3 survivors (3072K)
 Metaspace       used 59266K, committed 59584K, reserved 1105920K
  class space    used 6964K, committed 7104K, reserved 1048576K
}

