# JRE version: OpenJDK Runtime Environment (17.0.6) (build 17.0.6+0-b2043.56-10027231)
# Java VM: OpenJDK 64-Bit Server VM (17.0.6+0-b2043.56-10027231, mixed mode, tiered, compressed oops, compressed class ptrs, g1 gc, windows-amd64)
GC Precious Log:
 CPUs: 8 total, 8 available
 Memory: 7865M
 Large Page Support: Disabled
 NUMA Support: Disabled
 Compressed Oops: Enabled (32-bit)
 Heap Region Size: 1M
 Heap Min Capacity: 8M
 Heap Initial Capacity: 124M
 Heap Max Capacity: 2G
 Pre-touch: Disabled
 Parallel Workers: 8
 Concurrent Workers: 2
 Concurrent Refinement Workers: 8
 Periodic GC: Disabled
Heap:
 garbage-first heap   total 269312K, used 214528K [0x0000000080000000, 0x0000000100000000)
  region size 1024K, 73 young (74752K), 5 survivors (5120K)
 Metaspace       used 122322K, committed 123200K, reserved 1163264K
  class space    used 16154K, committed 16576K, reserved 1048576K
GC Heap History (20 events):
Event: 15.817 GC heap before
{Heap before GC invocations=33 (full 0):
 garbage-first heap   total 176128K, used 139825K [0x0000000080000000, 0x0000000100000000)
  region size 1024K, 52 young (53248K), 1 survivors (1024K)
 Metaspace       used 102550K, committed 103232K, reserved 1138688K
  class space    used 13892K, committed 14208K, reserved 1048576K
}
Event: 15.825 GC heap after
{Heap after GC invocations=34 (full 0):
 garbage-first heap   total 176128K, used 94870K [0x0000000080000000, 0x0000000100000000)
  region size 1024K, 7 young (7168K), 7 survivors (7168K)
 Metaspace       used 102550K, committed 103232K, reserved 1138688K
  class space    used 13892K, committed 14208K, reserved 1048576K
}
Event: 16.245 GC heap before
{Heap before GC invocations=34 (full 0):
 garbage-first heap   total 176128K, used 139926K [0x0000000080000000, 0x0000000100000000)
  region size 1024K, 51 young (52224K), 7 survivors (7168K)
 Metaspace       used 105428K, committed 106112K, reserved 1146880K
  class space    used 14223K, committed 14528K, reserved 1048576K
}
Event: 16.258 GC heap after
{Heap after GC invocations=35 (full 0):
 garbage-first heap   total 269312K, used 102574K [0x0000000080000000, 0x0000000100000000)
  region size 1024K, 7 young (7168K), 7 survivors (7168K)
 Metaspace       used 105428K, committed 106112K, reserved 1146880K
  class space    used 14223K, committed 14528K, reserved 1048576K
}
Event: 17.427 GC heap before
{Heap before GC invocations=35 (full 0):
 garbage-first heap   total 269312K, used 208046K [0x0000000080000000, 0x0000000100000000)
  region size 1024K, 110 young (112640K), 7 survivors (7168K)
 Metaspace       used 106709K, committed 107392K, reserved 1146880K
  class space    used 14381K, committed 14720K, reserved 1048576K
}
Event: 17.446 GC heap after
{Heap after GC invocations=36 (full 0):
 garbage-first heap   total 269312K, used 112792K [0x0000000080000000, 0x0000000100000000)
  region size 1024K, 14 young (14336K), 14 survivors (14336K)
 Metaspace       used 106709K, committed 107392K, reserved 1146880K
  class space    used 14381K, committed 14720K, reserved 1048576K
}
Event: 19.424 GC heap before
{Heap before GC invocations=36 (full 0):
 garbage-first heap   total 269312K, used 203928K [0x0000000080000000, 0x0000000100000000)
  region size 1024K, 104 young (106496K), 14 survivors (14336K)
 Metaspace       used 107218K, committed 107904K, reserved 1146880K
  class space    used 14419K, committed 14720K, reserved 1048576K
}
Event: 19.446 GC heap after
{Heap after GC invocations=37 (full 0):
 garbage-first heap   total 269312K, used 118942K [0x0000000080000000, 0x0000000100000000)
  region size 1024K, 9 young (9216K), 9 survivors (9216K)
 Metaspace       used 107218K, committed 107904K, reserved 1146880K
  class space    used 14419K, committed 14720K, reserved 1048576K
}
Event: 21.111 GC heap before
{Heap before GC invocations=37 (full 0):
 garbage-first heap   total 269312K, used 209054K [0x0000000080000000, 0x0000000100000000)
  region size 1024K, 98 young (100352K), 9 survivors (9216K)
 Metaspace       used 110853K, committed 111552K, reserved 1146880K
  class space    used 14888K, committed 15232K, reserved 1048576K
}
Event: 21.126 GC heap after
{Heap after GC invocations=38 (full 0):
 garbage-first heap   total 269312K, used 125721K [0x0000000080000000, 0x0000000100000000)
  region size 1024K, 9 young (9216K), 9 survivors (9216K)
 Metaspace       used 110853K, committed 111552K, reserved 1146880K
  class space    used 14888K, committed 15232K, reserved 1048576K
}
Event: 21.608 GC heap before
{Heap before GC invocations=38 (full 0):
 garbage-first heap   total 269312K, used 212761K [0x0000000080000000, 0x0000000100000000)
  region size 1024K, 95 young (97280K), 9 survivors (9216K)
 Metaspace       used 110932K, committed 111616K, reserved 1146880K
  class space    used 14895K, committed 15232K, reserved 1048576K
}
Event: 21.621 GC heap after
{Heap after GC invocations=39 (full 0):
 garbage-first heap   total 269312K, used 129968K [0x0000000080000000, 0x0000000100000000)
  region size 1024K, 7 young (7168K), 7 survivors (7168K)
 Metaspace       used 110932K, committed 111616K, reserved 1146880K
  class space    used 14895K, committed 15232K, reserved 1048576K
}
Event: 22.316 GC heap before
{Heap before GC invocations=39 (full 0):
 garbage-first heap   total 269312K, used 215984K [0x0000000080000000, 0x0000000100000000)
  region size 1024K, 92 young (94208K), 7 survivors (7168K)
 Metaspace       used 111134K, committed 111872K, reserved 1146880K
  class space    used 14908K, committed 15296K, reserved 1048576K
}
Event: 22.329 GC heap after
{Heap after GC invocations=40 (full 0):
 garbage-first heap   total 269312K, used 134958K [0x0000000080000000, 0x0000000100000000)
  region size 1024K, 12 young (12288K), 12 survivors (12288K)
 Metaspace       used 111134K, committed 111872K, reserved 1146880K
  class space    used 14908K, committed 15296K, reserved 1048576K
}
Event: 24.370 GC heap before
{Heap before GC invocations=40 (full 0):
 garbage-first heap   total 269312K, used 216878K [0x0000000080000000, 0x0000000100000000)
  region size 1024K, 93 young (95232K), 12 survivors (12288K)
 Metaspace       used 112911K, committed 113664K, reserved 1155072K
  class space    used 15122K, committed 15488K, reserved 1048576K
}
Event: 24.385 GC heap after
{Heap after GC invocations=41 (full 0):
 garbage-first heap   total 269312K, used 140313K [0x0000000080000000, 0x0000000100000000)
  region size 1024K, 9 young (9216K), 9 survivors (9216K)
 Metaspace       used 112911K, committed 113664K, reserved 1155072K
  class space    used 15122K, committed 15488K, reserved 1048576K
}
Event: 26.690 GC heap before
{Heap before GC invocations=41 (full 0):
 garbage-first heap   total 269312K, used 218137K [0x0000000080000000, 0x0000000100000000)
  region size 1024K, 86 young (88064K), 9 survivors (9216K)
 Metaspace       used 113418K, committed 114176K, reserved 1155072K
  class space    used 15165K, committed 15552K, reserved 1048576K
}
Event: 26.700 GC heap after
{Heap after GC invocations=42 (full 0):
 garbage-first heap   total 269312K, used 143774K [0x0000000080000000, 0x0000000100000000)
  region size 1024K, 7 young (7168K), 7 survivors (7168K)
 Metaspace       used 113418K, committed 114176K, reserved 1155072K
  class space    used 15165K, committed 15552K, reserved 1048576K
}
Event: 33.696 GC heap before
{Heap before GC invocations=42 (full 0):
 garbage-first heap   total 269312K, used 219550K [0x0000000080000000, 0x0000000100000000)
  region size 1024K, 82 young (83968K), 7 survivors (7168K)
 Metaspace       used 117662K, committed 118464K, reserved 1155072K
  class space    used 15740K, committed 16128K, reserved 1048576K
}
Event: 33.708 GC heap after
{Heap after GC invocations=43 (full 0):
 garbage-first heap   total 269312K, used 146944K [0x0000000080000000, 0x0000000100000000)
  region size 1024K, 5 young (5120K), 5 survivors (5120K)
 Metaspace       used 117662K, committed 118464K, reserved 1155072K
  class space    used 15740K, committed 16128K, reserved 1048576K
}

