# JRE version: OpenJDK Runtime Environment (17.0.6) (build 17.0.6+0-b2043.56-10027231)
# Java VM: OpenJDK 64-Bit Server VM (17.0.6+0-b2043.56-10027231, mixed mode, tiered, compressed oops, compressed class ptrs, g1 gc, windows-amd64)
GC Precious Log:
 CPUs: 8 total, 8 available
 Memory: 7865M
 Large Page Support: Disabled
 NUMA Support: Disabled
 Compressed Oops: Enabled (32-bit)
 Heap Region Size: 1M
 Heap Min Capacity: 8M
 Heap Initial Capacity: 124M
 Heap Max Capacity: 2G
 Pre-touch: Disabled
 Parallel Workers: 8
 Concurrent Workers: 2
 Concurrent Refinement Workers: 8
 Periodic GC: Disabled
Heap:
 garbage-first heap   total 301056K, used 194985K [0x0000000080000000, 0x0000000100000000)
  region size 1024K, 5 young (5120K), 5 survivors (5120K)
 Metaspace       used 137076K, committed 138048K, reserved 1171456K
  class space    used 17923K, committed 18432K, reserved 1048576K
GC Heap History (20 events):
Event: 40.982 GC heap after
{Heap after GC invocations=49 (full 0):
 garbage-first heap   total 282624K, used 172482K [0x0000000080000000, 0x0000000100000000)
  region size 1024K, 10 young (10240K), 10 survivors (10240K)
 Metaspace       used 124576K, committed 125376K, reserved 1163264K
  class space    used 16329K, committed 16704K, reserved 1048576K
}
Event: 41.987 GC heap before
{Heap before GC invocations=50 (full 0):
 garbage-first heap   total 296960K, used 228802K [0x0000000080000000, 0x0000000100000000)
  region size 1024K, 63 young (64512K), 10 survivors (10240K)
 Metaspace       used 132343K, committed 133248K, reserved 1171456K
  class space    used 17347K, committed 17792K, reserved 1048576K
}
Event: 41.997 GC heap after
{Heap after GC invocations=51 (full 0):
 garbage-first heap   total 296960K, used 180235K [0x0000000080000000, 0x0000000100000000)
  region size 1024K, 6 young (6144K), 6 survivors (6144K)
 Metaspace       used 132343K, committed 133248K, reserved 1171456K
  class space    used 17347K, committed 17792K, reserved 1048576K
}
Event: 42.098 GC heap before
{Heap before GC invocations=51 (full 0):
 garbage-first heap   total 296960K, used 188427K [0x0000000080000000, 0x0000000100000000)
  region size 1024K, 14 young (14336K), 6 survivors (6144K)
 Metaspace       used 132681K, committed 133568K, reserved 1171456K
  class space    used 17414K, committed 17856K, reserved 1048576K
}
Event: 42.102 GC heap after
{Heap after GC invocations=52 (full 0):
 garbage-first heap   total 296960K, used 176228K [0x0000000080000000, 0x0000000100000000)
  region size 1024K, 1 young (1024K), 1 survivors (1024K)
 Metaspace       used 132681K, committed 133568K, reserved 1171456K
  class space    used 17414K, committed 17856K, reserved 1048576K
}
Event: 43.836 GC heap before
{Heap before GC invocations=52 (full 0):
 garbage-first heap   total 296960K, used 239716K [0x0000000080000000, 0x0000000100000000)
  region size 1024K, 64 young (65536K), 1 survivors (1024K)
 Metaspace       used 133500K, committed 134336K, reserved 1171456K
  class space    used 17473K, committed 17920K, reserved 1048576K
}
Event: 43.841 GC heap after
{Heap after GC invocations=53 (full 0):
 garbage-first heap   total 296960K, used 175929K [0x0000000080000000, 0x0000000100000000)
  region size 1024K, 3 young (3072K), 3 survivors (3072K)
 Metaspace       used 133500K, committed 134336K, reserved 1171456K
  class space    used 17473K, committed 17920K, reserved 1048576K
}
Event: 58.265 GC heap before
{Heap before GC invocations=54 (full 0):
 garbage-first heap   total 301056K, used 241465K [0x0000000080000000, 0x0000000100000000)
  region size 1024K, 68 young (69632K), 3 survivors (3072K)
 Metaspace       used 134231K, committed 135104K, reserved 1171456K
  class space    used 17570K, committed 18048K, reserved 1048576K
}
Event: 58.408 GC heap after
{Heap after GC invocations=55 (full 0):
 garbage-first heap   total 301056K, used 179567K [0x0000000080000000, 0x0000000100000000)
  region size 1024K, 7 young (7168K), 7 survivors (7168K)
 Metaspace       used 134231K, committed 135104K, reserved 1171456K
  class space    used 17570K, committed 18048K, reserved 1048576K
}
Event: 58.448 GC heap before
{Heap before GC invocations=55 (full 0):
 garbage-first heap   total 301056K, used 186735K [0x0000000080000000, 0x0000000100000000)
  region size 1024K, 14 young (14336K), 7 survivors (7168K)
 Metaspace       used 134239K, committed 135168K, reserved 1171456K
  class space    used 17570K, committed 18048K, reserved 1048576K
}
Event: 58.460 GC heap after
{Heap after GC invocations=56 (full 0):
 garbage-first heap   total 301056K, used 171618K [0x0000000080000000, 0x0000000100000000)
  region size 1024K, 2 young (2048K), 2 survivors (2048K)
 Metaspace       used 134239K, committed 135168K, reserved 1171456K
  class space    used 17570K, committed 18048K, reserved 1048576K
}
Event: 59.415 GC heap before
{Heap before GC invocations=56 (full 0):
 garbage-first heap   total 301056K, used 252514K [0x0000000080000000, 0x0000000100000000)
  region size 1024K, 76 young (77824K), 2 survivors (2048K)
 Metaspace       used 135417K, committed 136320K, reserved 1171456K
  class space    used 17713K, committed 18176K, reserved 1048576K
}
Event: 59.429 GC heap after
{Heap after GC invocations=57 (full 0):
 garbage-first heap   total 301056K, used 190464K [0x0000000080000000, 0x0000000100000000)
  region size 1024K, 10 young (10240K), 10 survivors (10240K)
 Metaspace       used 135417K, committed 136320K, reserved 1171456K
  class space    used 17713K, committed 18176K, reserved 1048576K
}
Event: 60.416 GC heap before
{Heap before GC invocations=57 (full 0):
 garbage-first heap   total 301056K, used 244736K [0x0000000080000000, 0x0000000100000000)
  region size 1024K, 64 young (65536K), 10 survivors (10240K)
 Metaspace       used 136400K, committed 137344K, reserved 1171456K
  class space    used 17853K, committed 18304K, reserved 1048576K
}
Event: 60.429 GC heap after
{Heap after GC invocations=58 (full 0):
 garbage-first heap   total 301056K, used 190849K [0x0000000080000000, 0x0000000100000000)
  region size 1024K, 6 young (6144K), 6 survivors (6144K)
 Metaspace       used 136400K, committed 137344K, reserved 1171456K
  class space    used 17853K, committed 18304K, reserved 1048576K
}
Event: 60.646 GC heap before
{Heap before GC invocations=58 (full 0):
 garbage-first heap   total 301056K, used 245121K [0x0000000080000000, 0x0000000100000000)
  region size 1024K, 60 young (61440K), 6 survivors (6144K)
 Metaspace       used 136473K, committed 137408K, reserved 1171456K
  class space    used 17867K, committed 18368K, reserved 1048576K
}
Event: 60.653 GC heap after
{Heap after GC invocations=59 (full 0):
 garbage-first heap   total 301056K, used 192715K [0x0000000080000000, 0x0000000100000000)
  region size 1024K, 6 young (6144K), 6 survivors (6144K)
 Metaspace       used 136473K, committed 137408K, reserved 1171456K
  class space    used 17867K, committed 18368K, reserved 1048576K
}
Event: 60.905 GC heap before
{Heap before GC invocations=59 (full 0):
 garbage-first heap   total 301056K, used 248011K [0x0000000080000000, 0x0000000100000000)
  region size 1024K, 61 young (62464K), 6 survivors (6144K)
 Metaspace       used 136498K, committed 137472K, reserved 1171456K
  class space    used 17871K, committed 18368K, reserved 1048576K
}
Event: 60.913 GC heap after
{Heap after GC invocations=60 (full 0):
 garbage-first heap   total 301056K, used 194102K [0x0000000080000000, 0x0000000100000000)
  region size 1024K, 5 young (5120K), 5 survivors (5120K)
 Metaspace       used 136498K, committed 137472K, reserved 1171456K
  class space    used 17871K, committed 18368K, reserved 1048576K
}
Event: 61.460 GC heap before
{Heap before GC invocations=60 (full 0):
 garbage-first heap   total 301056K, used 249398K [0x0000000080000000, 0x0000000100000000)
  region size 1024K, 60 young (61440K), 5 survivors (5120K)
 Metaspace       used 137076K, committed 138048K, reserved 1171456K
  class space    used 17923K, committed 18432K, reserved 1048576K
}

